<?xml version="1.0" encoding="UTF-8"?>
<testsuite xmlns:xsi="http://www.w3.org/2001/XMLSchema-instance" xsi:noNamespaceSchemaLocation="https://maven.apache.org/surefire/maven-surefire-plugin/xsd/surefire-test-report-3.0.xsd" version="3.0" name="test_Hypothesis.TrainingPlanInvalidGeneratedTest" time="0.058" tests="100" errors="0" skipped="0" failures="0">
  <properties>
[...]
</properties>
  <testcase name="testPlanoInvalido_74_repetitions_zero_ou_negativo" classname="test_Hypothesis.TrainingPlanInvalidGeneratedTest" time="0.0"/>
  <testcase name="testPlanoInvalido_27_weeklyRecurrence_alto" classname="test_Hypothesis.TrainingPlanInvalidGeneratedTest" time="0.0"/>
  <testcase name="testPlanoInvalido_25_startDate_null" classname="test_Hypothesis.TrainingPlanInvalidGeneratedTest" time="0.001"/>
  <testcase name="testPlanoInvalido_68_maxDifferentActivities_negativo" classname="test_Hypothesis.TrainingPlanInvalidGeneratedTest" time="0.0"/>
  <testcase name="testPlanoInvalido_84_weeklyRecurrence_alto" classname="test_Hypothesis.TrainingPlanInvalidGeneratedTest" time="0.0"/>
  <testcase name="testPlanoInvalido_83_maxDifferentActivities_negativo" classname="test_Hypothesis.TrainingPlanInvalidGeneratedTest" time="0.001"/>
  <testcase name="testPlanoInvalido_82_repetitions_zero_ou_negativo" classname="test_Hypothesis.TrainingPlanInvalidGeneratedTest" time="0.0"/>
  <testcase name="testPlanoInvalido_81_maxDifferentActivities_negativo" classname="test_Hypothesis.TrainingPlanInvalidGeneratedTest" time="0.001"/>
  <testcase name="testPlanoInvalido_10_minimumCaloricWaste_negativo" classname="test_Hypothesis.TrainingPlanInvalidGeneratedTest" time="0.0"/>
  <testcase name="testPlanoInvalido_53_maxActivitiesPerDay_alto" classname="test_Hypothesis.TrainingPlanInvalidGeneratedTest" time="0.0"/>
  <testcase name="testPlanoInvalido_89_userCode_null" classname="test_Hypothesis.TrainingPlanInvalidGeneratedTest" time="0.001"/>
  <testcase name="testPlanoInvalido_58_userCode_null" classname="test_Hypothesis.TrainingPlanInvalidGeneratedTest" time="0.0"/>
  <testcase name="testPlanoInvalido_42_userCode_null" classname="test_Hypothesis.TrainingPlanInvalidGeneratedTest" time="0.001"/>
  <testcase name="testPlanoInvalido_96_repetitions_zero_ou_negativo" classname="test_Hypothesis.TrainingPlanInvalidGeneratedTest" time="0.0"/>
  <testcase name="testPlanoInvalido_99_repetitions_zero_ou_negativo" classname="test_Hypothesis.TrainingPlanInvalidGeneratedTest" time="0.001"/>
  <testcase name="testPlanoInvalido_0_userCode_null" classname="test_Hypothesis.TrainingPlanInvalidGeneratedTest" time="0.0"/>
  <testcase name="testPlanoInvalido_36_startDate_null" classname="test_Hypothesis.TrainingPlanInvalidGeneratedTest" time="0.001"/>
  <testcase name="testPlanoInvalido_17_maxActivitiesPerDay_alto" classname="test_Hypothesis.TrainingPlanInvalidGeneratedTest" time="0.0"/>
  <testcase name="testPlanoInvalido_48_userCode_null" classname="test_Hypothesis.TrainingPlanInvalidGeneratedTest" time="0.001"/>
  <testcase name="testPlanoInvalido_18_maxActivitiesPerDay_alto" classname="test_Hypothesis.TrainingPlanInvalidGeneratedTest" time="0.0"/>
  <testcase name="testPlanoInvalido_97_maxDifferentActivities_negativo" classname="test_Hypothesis.TrainingPlanInvalidGeneratedTest" time="0.001"/>
  <testcase name="testPlanoInvalido_19_maxActivitiesPerDay_alto" classname="test_Hypothesis.TrainingPlanInvalidGeneratedTest" time="0.0"/>
  <testcase name="testPlanoInvalido_34_minimumCaloricWaste_negativo" classname="test_Hypothesis.TrainingPlanInvalidGeneratedTest" time="0.0"/>
  <testcase name="testPlanoInvalido_95_maxDifferentActivities_negativo" classname="test_Hypothesis.TrainingPlanInvalidGeneratedTest" time="0.001"/>
  <testcase name="testPlanoInvalido_39_minimumCaloricWaste_negativo" classname="test_Hypothesis.TrainingPlanInvalidGeneratedTest" time="0.0"/>
  <testcase name="testPlanoInvalido_6_userCode_null" classname="test_Hypothesis.TrainingPlanInvalidGeneratedTest" time="0.001"/>
  <testcase name="testPlanoInvalido_52_startDate_null" classname="test_Hypothesis.TrainingPlanInvalidGeneratedTest" time="0.0"/>
  <testcase name="testPlanoInvalido_55_maxDifferentActivities_negativo" classname="test_Hypothesis.TrainingPlanInvalidGeneratedTest" time="0.0"/>
  <testcase name="testPlanoInvalido_85_weeklyRecurrence_alto" classname="test_Hypothesis.TrainingPlanInvalidGeneratedTest" time="0.0"/>
  <testcase name="testPlanoInvalido_62_maxActivitiesPerDay_alto" classname="test_Hypothesis.TrainingPlanInvalidGeneratedTest" time="0.001"/>
  <testcase name="testPlanoInvalido_94_startDate_null" classname="test_Hypothesis.TrainingPlanInvalidGeneratedTest" time="0.0"/>
  <testcase name="testPlanoInvalido_9_userCode_null" classname="test_Hypothesis.TrainingPlanInvalidGeneratedTest" time="0.0"/>
  <testcase name="testPlanoInvalido_64_maxActivitiesPerDay_alto" classname="test_Hypothesis.TrainingPlanInvalidGeneratedTest" time="0.002"/>
  <testcase name="testPlanoInvalido_77_startDate_null" classname="test_Hypothesis.TrainingPlanInvalidGeneratedTest" time="0.001"/>
  <testcase name="testPlanoInvalido_51_maxDifferentActivities_negativo" classname="test_Hypothesis.TrainingPlanInvalidGeneratedTest" time="0.0"/>
  <testcase name="testPlanoInvalido_47_minimumCaloricWaste_negativo" classname="test_Hypothesis.TrainingPlanInvalidGeneratedTest" time="0.001"/>
  <testcase name="testPlanoInvalido_65_weeklyRecurrence_alto" classname="test_Hypothesis.TrainingPlanInvalidGeneratedTest" time="0.0"/>
  <testcase name="testPlanoInvalido_32_maxDifferentActivities_negativo" classname="test_Hypothesis.TrainingPlanInvalidGeneratedTest" time="0.001"/>
  <testcase name="testPlanoInvalido_69_maxActivitiesPerDay_alto" classname="test_Hypothesis.TrainingPlanInvalidGeneratedTest" time="0.0"/>
  <testcase name="testPlanoInvalido_35_weeklyRecurrence_alto" classname="test_Hypothesis.TrainingPlanInvalidGeneratedTest" time="0.001"/>
  <testcase name="testPlanoInvalido_7_startDate_null" classname="test_Hypothesis.TrainingPlanInvalidGeneratedTest" time="0.0"/>
  <testcase name="testPlanoInvalido_22_maxActivitiesPerDay_alto" classname="test_Hypothesis.TrainingPlanInvalidGeneratedTest" time="0.001"/>
  <testcase name="testPlanoInvalido_57_minimumCaloricWaste_negativo" classname="test_Hypothesis.TrainingPlanInvalidGeneratedTest" time="0.0"/>
  <testcase name="testPlanoInvalido_24_maxActivitiesPerDay_alto" classname="test_Hypothesis.TrainingPlanInvalidGeneratedTest" time="0.001"/>
  <testcase name="testPlanoInvalido_26_maxActivitiesPerDay_alto" classname="test_Hypothesis.TrainingPlanInvalidGeneratedTest" time="0.0"/>
  <testcase name="testPlanoInvalido_72_weeklyRecurrence_alto" classname="test_Hypothesis.TrainingPlanInvalidGeneratedTest" time="0.0"/>
  <testcase name="testPlanoInvalido_11_repetitions_zero_ou_negativo" classname="test_Hypothesis.TrainingPlanInvalidGeneratedTest" time="0.002"/>
  <testcase name="testPlanoInvalido_4_maxDifferentActivities_negativo" classname="test_Hypothesis.TrainingPlanInvalidGeneratedTest" time="0.0"/>
  <testcase name="testPlanoInvalido_88_maxDifferentActivities_negativo" classname="test_Hypothesis.TrainingPlanInvalidGeneratedTest" time="0.0"/>
  <testcase name="testPlanoInvalido_86_maxDifferentActivities_negativo" classname="test_Hypothesis.TrainingPlanInvalidGeneratedTest" time="0.0"/>
  <testcase name="testPlanoInvalido_1_userCode_null" classname="test_Hypothesis.TrainingPlanInvalidGeneratedTest" time="0.001"/>
  <testcase name="testPlanoInvalido_92_userCode_null" classname="test_Hypothesis.TrainingPlanInvalidGeneratedTest" time="0.0"/>
  <testcase name="testPlanoInvalido_15_userCode_null" classname="test_Hypothesis.TrainingPlanInvalidGeneratedTest" time="0.0"/>
  <testcase name="testPlanoInvalido_73_maxActivitiesPerDay_alto" classname="test_Hypothesis.TrainingPlanInvalidGeneratedTest" time="0.0"/>
  <testcase name="testPlanoInvalido_21_repetitions_zero_ou_negativo" classname="test_Hypothesis.TrainingPlanInvalidGeneratedTest" time="0.001"/>
  <testcase name="testPlanoInvalido_16_startDate_null" classname="test_Hypothesis.TrainingPlanInvalidGeneratedTest" time="0.0"/>
  <testcase name="testPlanoInvalido_28_repetitions_zero_ou_negativo" classname="test_Hypothesis.TrainingPlanInvalidGeneratedTest" time="0.0"/>
  <testcase name="testPlanoInvalido_79_maxActivitiesPerDay_alto" classname="test_Hypothesis.TrainingPlanInvalidGeneratedTest" time="0.001"/>
  <testcase name="testPlanoInvalido_78_minimumCaloricWaste_negativo" classname="test_Hypothesis.TrainingPlanInvalidGeneratedTest" time="0.0"/>
  <testcase name="testPlanoInvalido_33_userCode_null" classname="test_Hypothesis.TrainingPlanInvalidGeneratedTest" time="0.0"/>
  <testcase name="testPlanoInvalido_3_minimumCaloricWaste_negativo" classname="test_Hypothesis.TrainingPlanInvalidGeneratedTest" time="0.0"/>
  <testcase name="testPlanoInvalido_8_minimumCaloricWaste_negativo" classname="test_Hypothesis.TrainingPlanInvalidGeneratedTest" time="0.001"/>
  <testcase name="testPlanoInvalido_76_weeklyRecurrence_alto" classname="test_Hypothesis.TrainingPlanInvalidGeneratedTest" time="0.0"/>
  <testcase name="testPlanoInvalido_30_maxActivitiesPerDay_alto" classname="test_Hypothesis.TrainingPlanInvalidGeneratedTest" time="0.0"/>
  <testcase name="testPlanoInvalido_2_maxActivitiesPerDay_alto" classname="test_Hypothesis.TrainingPlanInvalidGeneratedTest" time="0.0"/>
  <testcase name="testPlanoInvalido_66_weeklyRecurrence_alto" classname="test_Hypothesis.TrainingPlanInvalidGeneratedTest" time="0.001"/>
  <testcase name="testPlanoInvalido_98_userCode_null" classname="test_Hypothesis.TrainingPlanInvalidGeneratedTest" time="0.0"/>
  <testcase name="testPlanoInvalido_20_userCode_null" classname="test_Hypothesis.TrainingPlanInvalidGeneratedTest" time="0.0"/>
  <testcase name="testPlanoInvalido_37_maxActivitiesPerDay_alto" classname="test_Hypothesis.TrainingPlanInvalidGeneratedTest" time="0.001"/>
  <testcase name="testPlanoInvalido_40_repetitions_zero_ou_negativo" classname="test_Hypothesis.TrainingPlanInvalidGeneratedTest" time="0.0"/>
  <testcase name="testPlanoInvalido_43_repetitions_zero_ou_negativo" classname="test_Hypothesis.TrainingPlanInvalidGeneratedTest" time="0.001"/>
  <testcase name="testPlanoInvalido_23_userCode_null" classname="test_Hypothesis.TrainingPlanInvalidGeneratedTest" time="0.0"/>
  <testcase name="testPlanoInvalido_49_repetitions_zero_ou_negativo" classname="test_Hypothesis.TrainingPlanInvalidGeneratedTest" time="0.0"/>
  <testcase name="testPlanoInvalido_91_minimumCaloricWaste_negativo" classname="test_Hypothesis.TrainingPlanInvalidGeneratedTest" time="0.001"/>
  <testcase name="testPlanoInvalido_75_maxDifferentActivities_negativo" classname="test_Hypothesis.TrainingPlanInvalidGeneratedTest" time="0.0"/>
  <testcase name="testPlanoInvalido_31_startDate_null" classname="test_Hypothesis.TrainingPlanInvalidGeneratedTest" time="0.001"/>
  <testcase name="testPlanoInvalido_54_repetitions_zero_ou_negativo" classname="test_Hypothesis.TrainingPlanInvalidGeneratedTest" time="0.0"/>
  <testcase name="testPlanoInvalido_90_maxDifferentActivities_negativo" classname="test_Hypothesis.TrainingPlanInvalidGeneratedTest" time="0.001"/>
  <testcase name="testPlanoInvalido_14_startDate_null" classname="test_Hypothesis.TrainingPlanInvalidGeneratedTest" time="0.0"/>
  <testcase name="testPlanoInvalido_56_repetitions_zero_ou_negativo" classname="test_Hypothesis.TrainingPlanInvalidGeneratedTest" time="0.001"/>
  <testcase name="testPlanoInvalido_59_repetitions_zero_ou_negativo" classname="test_Hypothesis.TrainingPlanInvalidGeneratedTest" time="0.0"/>
  <testcase name="testPlanoInvalido_29_userCode_null" classname="test_Hypothesis.TrainingPlanInvalidGeneratedTest" time="0.001"/>
  <testcase name="testPlanoInvalido_13_userCode_null" classname="test_Hypothesis.TrainingPlanInvalidGeneratedTest" time="0.0"/>
  <testcase name="testPlanoInvalido_41_maxActivitiesPerDay_alto" classname="test_Hypothesis.TrainingPlanInvalidGeneratedTest" time="0.0"/>
  <testcase name="testPlanoInvalido_80_weeklyRecurrence_alto" classname="test_Hypothesis.TrainingPlanInvalidGeneratedTest" time="0.0"/>
  <testcase name="testPlanoInvalido_60_repetitions_zero_ou_negativo" classname="test_Hypothesis.TrainingPlanInvalidGeneratedTest" time="0.001"/>
  <testcase name="testPlanoInvalido_12_maxDifferentActivities_negativo" classname="test_Hypothesis.TrainingPlanInvalidGeneratedTest" time="0.0"/>
  <testcase name="testPlanoInvalido_61_repetitions_zero_ou_negativo" classname="test_Hypothesis.TrainingPlanInvalidGeneratedTest" time="0.0"/>
  <testcase name="testPlanoInvalido_63_repetitions_zero_ou_negativo" classname="test_Hypothesis.TrainingPlanInvalidGeneratedTest" time="0.001"/>
  <testcase name="testPlanoInvalido_70_weeklyRecurrence_alto" classname="test_Hypothesis.TrainingPlanInvalidGeneratedTest" time="0.0"/>
  <testcase name="testPlanoInvalido_44_maxActivitiesPerDay_alto" classname="test_Hypothesis.TrainingPlanInvalidGeneratedTest" time="0.001"/>
  <testcase name="testPlanoInvalido_93_userCode_null" classname="test_Hypothesis.TrainingPlanInvalidGeneratedTest" time="0.0"/>
  <testcase name="testPlanoInvalido_45_maxActivitiesPerDay_alto" classname="test_Hypothesis.TrainingPlanInvalidGeneratedTest" time="0.0"/>
  <testcase name="testPlanoInvalido_87_weeklyRecurrence_alto" classname="test_Hypothesis.TrainingPlanInvalidGeneratedTest" time="0.001"/>
  <testcase name="testPlanoInvalido_46_maxActivitiesPerDay_alto" classname="test_Hypothesis.TrainingPlanInvalidGeneratedTest" time="0.0"/>
  <testcase name="testPlanoInvalido_50_weeklyRecurrence_alto" classname="test_Hypothesis.TrainingPlanInvalidGeneratedTest" time="0.001"/>
  <testcase name="testPlanoInvalido_5_userCode_null" classname="test_Hypothesis.TrainingPlanInvalidGeneratedTest" time="0.0"/>
  <testcase name="testPlanoInvalido_67_weeklyRecurrence_alto" classname="test_Hypothesis.TrainingPlanInvalidGeneratedTest" time="0.0"/>
  <testcase name="testPlanoInvalido_71_repetitions_zero_ou_negativo" classname="test_Hypothesis.TrainingPlanInvalidGeneratedTest" time="0.001"/>
  <testcase name="testPlanoInvalido_38_startDate_null" classname="test_Hypothesis.TrainingPlanInvalidGeneratedTest" time="0.001"/>
</testsuite>